Performing C++ SOURCE FILE Test CMAKE_HAVE_LIBC_PTHREAD failed with the following output:
Change Dir: C:/kodi-build-wp/build/spdlog/src/spdlog-build/CMakeFiles/CMakeScratch/TryCompile-vqt6tr

Run Build Command(s):C:/Program Files/Microsoft Visual Studio/2022/Preview/MSBuild/Current/Bin/amd64/MSBuild.exe cmTC_9640f.vcxproj /p:Configuration=Debug /p:Platform=ARM /p:VisualStudioVersion=17.0 /v:m && MSBuild version 17.5.0-preview-22601-03+a2490dd3f for .NET Framework
  Microsoft (R) C/C++ Optimizing Compiler Version 19.35.32124 for ARM
  Copyright (C) Microsoft Corporation.  All rights reserved.
  cl /c /Zi /W1 /WX- /diagnostics:column /MP /Od /Ob0 /Oy- /D _ARM_WINAPI_PARTITION_DESKTOP_SDK_AVAILABLE=1 /D _UNICODE /D UNICODE /D WIN32 /D _WINDOWS /D UNICODE /D _UNICODE /D NDEBUG /D CMAKE_HAVE_LIBC_PTHREAD /D "CMAKE_INTDIR=\"Debug\"" /Gm- /EHsc /MDd /GS /fp:precise /Zc:wchar_t /Zc:forScope /Zc:inline /std:c++17 /permissive- /Fo"cmTC_9640f.dir\Debug\\" /Fd"cmTC_9640f.dir\Debug\vc143.pdb" /external:W1 /Gd /TP /wd4996 /wd4146 /wd4251 /wd4668 /wd5033 /analyze- /errorReport:queue  /await /Zc:__cplusplus "C:\kodi-build-wp\build\spdlog\src\spdlog-build\CMakeFiles\CMakeScratch\TryCompile-vqt6tr\src.cxx"
  src.cxx
C:\kodi-build-wp\build\spdlog\src\spdlog-build\CMakeFiles\CMakeScratch\TryCompile-vqt6tr\src.cxx(1,10): fatal  error C1083: Cannot open include file: 'pthread.h': No such file or directory [C:\kodi-build-wp\build\spdlog\src\spdlog-build\CMakeFiles\CMakeScratch\TryCompile-vqt6tr\cmTC_9640f.vcxproj]


Source file was:
#include <pthread.h>

static void* test_func(void* data)
{
  return data;
}

int main(void)
{
  pthread_t thread;
  pthread_create(&thread, NULL, test_func, NULL);
  pthread_detach(thread);
  pthread_cancel(thread);
  pthread_join(thread, NULL);
  pthread_atfork(NULL, NULL, NULL);
  pthread_exit(NULL);

  return 0;
}


Determining if the function pthread_create exists in the pthreads failed with the following output:
Change Dir: C:/kodi-build-wp/build/spdlog/src/spdlog-build/CMakeFiles/CMakeScratch/TryCompile-os05e4

Run Build Command(s):C:/Program Files/Microsoft Visual Studio/2022/Preview/MSBuild/Current/Bin/amd64/MSBuild.exe cmTC_918f7.vcxproj /p:Configuration=Debug /p:Platform=ARM /p:VisualStudioVersion=17.0 /v:m && MSBuild version 17.5.0-preview-22601-03+a2490dd3f for .NET Framework
  Microsoft (R) C/C++ Optimizing Compiler Version 19.35.32124 for ARM
  CheckFunctionExists.cxx
  Copyright (C) Microsoft Corporation.  All rights reserved.
  cl /c /Zi /W1 /WX- /diagnostics:column /MP /Od /Ob0 /Oy- /D _ARM_WINAPI_PARTITION_DESKTOP_SDK_AVAILABLE=1 /D _UNICODE /D UNICODE /D WIN32 /D _WINDOWS /D UNICODE /D _UNICODE /D NDEBUG /D CHECK_FUNCTION_EXISTS=pthread_create /D "CMAKE_INTDIR=\"Debug\"" /Gm- /EHsc /MDd /GS /fp:precise /Zc:wchar_t /Zc:forScope /Zc:inline /std:c++17 /permissive- /Fo"cmTC_918f7.dir\Debug\\" /Fd"cmTC_918f7.dir\Debug\vc143.pdb" /external:W1 /Gd /TP /wd4996 /wd4146 /wd4251 /wd4668 /wd5033 /analyze- /errorReport:queue  /await /Zc:__cplusplus "C:\kodi-build-wp\build\spdlog\src\spdlog-build\CMakeFiles\CMakeScratch\TryCompile-os05e4\CheckFunctionExists.cxx"
LINK : warning LNK4075: ignoring '/INCREMENTAL' due to '/OPT:REF' specification [C:\kodi-build-wp\build\spdlog\src\spdlog-build\CMakeFiles\CMakeScratch\TryCompile-os05e4\cmTC_918f7.vcxproj]
LINK : fatal error LNK1181: cannot open input file 'pthreads.lib' [C:\kodi-build-wp\build\spdlog\src\spdlog-build\CMakeFiles\CMakeScratch\TryCompile-os05e4\cmTC_918f7.vcxproj]



Determining if the function pthread_create exists in the pthread failed with the following output:
Change Dir: C:/kodi-build-wp/build/spdlog/src/spdlog-build/CMakeFiles/CMakeScratch/TryCompile-rseusc

Run Build Command(s):C:/Program Files/Microsoft Visual Studio/2022/Preview/MSBuild/Current/Bin/amd64/MSBuild.exe cmTC_9c104.vcxproj /p:Configuration=Debug /p:Platform=ARM /p:VisualStudioVersion=17.0 /v:m && MSBuild version 17.5.0-preview-22601-03+a2490dd3f for .NET Framework
  Microsoft (R) C/C++ Optimizing Compiler Version 19.35.32124 for ARM
  CheckFunctionExists.cxx
  Copyright (C) Microsoft Corporation.  All rights reserved.
  cl /c /Zi /W1 /WX- /diagnostics:column /MP /Od /Ob0 /Oy- /D _ARM_WINAPI_PARTITION_DESKTOP_SDK_AVAILABLE=1 /D _UNICODE /D UNICODE /D WIN32 /D _WINDOWS /D UNICODE /D _UNICODE /D NDEBUG /D CHECK_FUNCTION_EXISTS=pthread_create /D "CMAKE_INTDIR=\"Debug\"" /Gm- /EHsc /MDd /GS /fp:precise /Zc:wchar_t /Zc:forScope /Zc:inline /std:c++17 /permissive- /Fo"cmTC_9c104.dir\Debug\\" /Fd"cmTC_9c104.dir\Debug\vc143.pdb" /external:W1 /Gd /TP /wd4996 /wd4146 /wd4251 /wd4668 /wd5033 /analyze- /errorReport:queue  /await /Zc:__cplusplus "C:\kodi-build-wp\build\spdlog\src\spdlog-build\CMakeFiles\CMakeScratch\TryCompile-rseusc\CheckFunctionExists.cxx"
LINK : warning LNK4075: ignoring '/INCREMENTAL' due to '/OPT:REF' specification [C:\kodi-build-wp\build\spdlog\src\spdlog-build\CMakeFiles\CMakeScratch\TryCompile-rseusc\cmTC_9c104.vcxproj]
LINK : fatal error LNK1181: cannot open input file 'pthread.lib' [C:\kodi-build-wp\build\spdlog\src\spdlog-build\CMakeFiles\CMakeScratch\TryCompile-rseusc\cmTC_9c104.vcxproj]



