Performing C++ SOURCE FILE Test HAVE_GCC_ATOMIC failed with the following output:
Change Dir: C:/kodi-build-wp/build/taglib/src/taglib-build/CMakeFiles/CMakeScratch/TryCompile-jgh06o

Run Build Command(s):C:/Program Files/Microsoft Visual Studio/2022/Preview/MSBuild/Current/Bin/amd64/MSBuild.exe cmTC_da917.vcxproj /p:Configuration=Debug /p:Platform=ARM /p:VisualStudioVersion=17.0 /v:m && MSBuild version 17.5.0-preview-22601-03+a2490dd3f for .NET Framework
  Microsoft (R) C/C++ Optimizing Compiler Version 19.35.32124 for ARM
  src.cxx
C:\kodi-build-wp\build\taglib\src\taglib-build\CMakeFiles\CMakeScratch\TryCompile-jgh06o\src.cxx(4,7): error C3861: '__sync_add_and_fetch': identifier not found [C:\kodi-build-wp\build\taglib\src\taglib-build\CMakeFiles\CMakeScratch\TryCompile-jgh06o\cmTC_da917.vcxproj]
C:\kodi-build-wp\build\taglib\src\taglib-build\CMakeFiles\CMakeScratch\TryCompile-jgh06o\src.cxx(5,15): error C3861: '__sync_sub_and_fetch': identifier not found [C:\kodi-build-wp\build\taglib\src\taglib-build\CMakeFiles\CMakeScratch\TryCompile-jgh06o\cmTC_da917.vcxproj]
  Copyright (C) Microsoft Corporation.  All rights reserved.
  cl /c /Zi /W1 /WX- /diagnostics:column /MP /Od /Ob0 /Oy- /D _ARM_WINAPI_PARTITION_DESKTOP_SDK_AVAILABLE=1 /D _UNICODE /D UNICODE /D WIN32 /D _WINDOWS /D UNICODE /D _UNICODE /D NDEBUG /D HAVE_GCC_ATOMIC /D "CMAKE_INTDIR=\"Debug\"" /Gm- /EHsc /MDd /GS /fp:precise /Zc:wchar_t /Zc:forScope /Zc:inline /permissive- /Fo"cmTC_da917.dir\Debug\\" /Fd"cmTC_da917.dir\Debug\vc143.pdb" /external:W1 /Gd /TP /wd4996 /wd4146 /wd4251 /wd4668 /wd5033 /wd4996 /analyze- /errorReport:queue  /await "C:\kodi-build-wp\build\taglib\src\taglib-build\CMakeFiles\CMakeScratch\TryCompile-jgh06o\src.cxx"


Source file was:

    int main() {
      volatile int x;
      __sync_add_and_fetch(&x, 1);
      int y = __sync_sub_and_fetch(&x, 1);
      return 0;
    }
  

Performing C++ SOURCE FILE Test HAVE_MAC_ATOMIC failed with the following output:
Change Dir: C:/kodi-build-wp/build/taglib/src/taglib-build/CMakeFiles/CMakeScratch/TryCompile-bt9an0

Run Build Command(s):C:/Program Files/Microsoft Visual Studio/2022/Preview/MSBuild/Current/Bin/amd64/MSBuild.exe cmTC_efd0f.vcxproj /p:Configuration=Debug /p:Platform=ARM /p:VisualStudioVersion=17.0 /v:m && MSBuild version 17.5.0-preview-22601-03+a2490dd3f for .NET Framework
  Microsoft (R) C/C++ Optimizing Compiler Version 19.35.32124 for ARM
  src.cxx
C:\kodi-build-wp\build\taglib\src\taglib-build\CMakeFiles\CMakeScratch\TryCompile-bt9an0\src.cxx(2,16): fatal  error C1083: Cannot open include file: 'libkern/OSAtomic.h': No such file or directory [C:\kodi-build-wp\build\taglib\src\taglib-build\CMakeFiles\CMakeScratch\TryCompile-bt9an0\cmTC_efd0f.vcxproj]
  Copyright (C) Microsoft Corporation.  All rights reserved.
  cl /c /Zi /W1 /WX- /diagnostics:column /MP /Od /Ob0 /Oy- /D _ARM_WINAPI_PARTITION_DESKTOP_SDK_AVAILABLE=1 /D _UNICODE /D UNICODE /D WIN32 /D _WINDOWS /D UNICODE /D _UNICODE /D NDEBUG /D HAVE_MAC_ATOMIC /D "CMAKE_INTDIR=\"Debug\"" /Gm- /EHsc /MDd /GS /fp:precise /Zc:wchar_t /Zc:forScope /Zc:inline /permissive- /Fo"cmTC_efd0f.dir\Debug\\" /Fd"cmTC_efd0f.dir\Debug\vc143.pdb" /external:W1 /Gd /TP /wd4996 /wd4146 /wd4251 /wd4668 /wd5033 /wd4996 /analyze- /errorReport:queue  /await "C:\kodi-build-wp\build\taglib\src\taglib-build\CMakeFiles\CMakeScratch\TryCompile-bt9an0\src.cxx"


Source file was:

      #include <libkern/OSAtomic.h>
      int main() {
        volatile int32_t x;
        OSAtomicIncrement32Barrier(&x);
        int32_t y = OSAtomicDecrement32Barrier(&x);
        return 0;
      }
    

Performing C++ SOURCE FILE Test HAVE_GCC_BYTESWAP failed with the following output:
Change Dir: C:/kodi-build-wp/build/taglib/src/taglib-build/CMakeFiles/CMakeScratch/TryCompile-ky3gtn

Run Build Command(s):C:/Program Files/Microsoft Visual Studio/2022/Preview/MSBuild/Current/Bin/amd64/MSBuild.exe cmTC_bb05e.vcxproj /p:Configuration=Debug /p:Platform=ARM /p:VisualStudioVersion=17.0 /v:m && MSBuild version 17.5.0-preview-22601-03+a2490dd3f for .NET Framework
  Microsoft (R) C/C++ Optimizing Compiler Version 19.35.32124 for ARM
  src.cxx
C:\kodi-build-wp\build\taglib\src\taglib-build\CMakeFiles\CMakeScratch\TryCompile-ky3gtn\src.cxx(3,5): error C3861: '__builtin_bswap16': identifier not found [C:\kodi-build-wp\build\taglib\src\taglib-build\CMakeFiles\CMakeScratch\TryCompile-ky3gtn\cmTC_bb05e.vcxproj]
C:\kodi-build-wp\build\taglib\src\taglib-build\CMakeFiles\CMakeScratch\TryCompile-ky3gtn\src.cxx(4,5): error C3861: '__builtin_bswap32': identifier not found [C:\kodi-build-wp\build\taglib\src\taglib-build\CMakeFiles\CMakeScratch\TryCompile-ky3gtn\cmTC_bb05e.vcxproj]
C:\kodi-build-wp\build\taglib\src\taglib-build\CMakeFiles\CMakeScratch\TryCompile-ky3gtn\src.cxx(5,5): error C3861: '__builtin_bswap64': identifier not found [C:\kodi-build-wp\build\taglib\src\taglib-build\CMakeFiles\CMakeScratch\TryCompile-ky3gtn\cmTC_bb05e.vcxproj]
  Copyright (C) Microsoft Corporation.  All rights reserved.
  cl /c /Zi /W1 /WX- /diagnostics:column /MP /Od /Ob0 /Oy- /D _ARM_WINAPI_PARTITION_DESKTOP_SDK_AVAILABLE=1 /D _UNICODE /D UNICODE /D WIN32 /D _WINDOWS /D UNICODE /D _UNICODE /D NDEBUG /D HAVE_GCC_BYTESWAP /D "CMAKE_INTDIR=\"Debug\"" /Gm- /EHsc /MDd /GS /fp:precise /Zc:wchar_t /Zc:forScope /Zc:inline /permissive- /Fo"cmTC_bb05e.dir\Debug\\" /Fd"cmTC_bb05e.dir\Debug\vc143.pdb" /external:W1 /Gd /TP /wd4996 /wd4146 /wd4251 /wd4668 /wd5033 /wd4996 /analyze- /errorReport:queue  /await "C:\kodi-build-wp\build\taglib\src\taglib-build\CMakeFiles\CMakeScratch\TryCompile-ky3gtn\src.cxx"


Source file was:

  int main() {
    __builtin_bswap16(0);
    __builtin_bswap32(0);
    __builtin_bswap64(0);
    return 0;
  }


Performing C++ SOURCE FILE Test HAVE_GLIBC_BYTESWAP failed with the following output:
Change Dir: C:/kodi-build-wp/build/taglib/src/taglib-build/CMakeFiles/CMakeScratch/TryCompile-lwsjwd

Run Build Command(s):C:/Program Files/Microsoft Visual Studio/2022/Preview/MSBuild/Current/Bin/amd64/MSBuild.exe cmTC_b4fd5.vcxproj /p:Configuration=Debug /p:Platform=ARM /p:VisualStudioVersion=17.0 /v:m && MSBuild version 17.5.0-preview-22601-03+a2490dd3f for .NET Framework
  Microsoft (R) C/C++ Optimizing Compiler Version 19.35.32124 for ARM
  src.cxx
  Copyright (C) Microsoft Corporation.  All rights reserved.
  cl /c /Zi /W1 /WX- /diagnostics:column /MP /Od /Ob0 /Oy- /D _ARM_WINAPI_PARTITION_DESKTOP_SDK_AVAILABLE=1 /D _UNICODE /D UNICODE /D WIN32 /D _WINDOWS /D UNICODE /D _UNICODE /D NDEBUG /D HAVE_GLIBC_BYTESWAP /D "CMAKE_INTDIR=\"Debug\"" /Gm- /EHsc /MDd /GS /fp:precise /Zc:wchar_t /Zc:forScope /Zc:inline /permissive- /Fo"cmTC_b4fd5.dir\Debug\\" /Fd"cmTC_b4fd5.dir\Debug\vc143.pdb" /external:W1 /Gd /TP /wd4996 /wd4146 /wd4251 /wd4668 /wd5033 /wd4996 /analyze- /errorReport:queue  /await "C:\kodi-build-wp\build\taglib\src\taglib-build\CMakeFiles\CMakeScratch\TryCompile-lwsjwd\src.cxx"
C:\kodi-build-wp\build\taglib\src\taglib-build\CMakeFiles\CMakeScratch\TryCompile-lwsjwd\src.cxx(2,14): fatal  error C1083: Cannot open include file: 'byteswap.h': No such file or directory [C:\kodi-build-wp\build\taglib\src\taglib-build\CMakeFiles\CMakeScratch\TryCompile-lwsjwd\cmTC_b4fd5.vcxproj]


Source file was:

    #include <byteswap.h>
    int main() {
      __bswap_16(0);
      __bswap_32(0);
      __bswap_64(0);
      return 0;
    }
  

